<?xml version="1.0" encoding="UTF-8"?>
<testsuite xmlns:xsi="http://www.w3.org/2001/XMLSchema-instance" xsi:noNamespaceSchemaLocation="https://maven.apache.org/surefire/maven-failsafe-plugin/xsd/failsafe-test-report-3.0.xsd" version="3.0" name="pe.choucair.step.producto.RunCucumberTest" time="48.912" tests="1" errors="0" skipped="0" failures="0">
  <properties>
[...]
</properties>
  <testcase name="Agregar Productos aleatorios al Carrito de Compra" classname="Productos categoria y subcategoria" time="46.827">
    <system-out><![CDATA[Configuración inicial completada .
cantidad de productos 15
Producto seleccionado: ASUS
Computador ASUS Vivobook 15 Intel Core i5 1235U RAM 8 GB 1 TB SSD X1504ZANJ619W
Referencia X1504ZA-NJ619W
Puerto HDMI Si
Sistema Operativo Windows
Generación del procesador 12 th
Ver 1 oferta adicional
-
52
%
$4.499.900
price
$ 2.159.952
$ 2.339.948
Otros
Vendido por: exito
Agregar
Producto seleccionado: LENOVO
Computador LENOVO Intel Core i5 12450H RAM 8 GB 512 GB SSD IdeaPad Slim 5
Referencia IdeaPad Slim 5
Puerto HDMI Si
Sistema Operativo Windows
Generación del procesador 12 th
-
33
%
$4.199.000
$ 2.813.330
Vendido por: exito
Agregar
Producto seleccionado: ASUS
Computador ASUS Vivobook 16 Intel Core i5 1135G7 RAM 8 GB 512 GB SSD X1605EAMB033W
Referencia X1605EA-MB033W
Puerto HDMI Si
Sistema Operativo Windows
Generación del procesador 11 th
Ver 3 ofertas adicionales
-
54
%
$3.899.000
$ 1.793.540
Vendido por: exito
11 und.
Producto seleccionado: LENOVO
Tablet LENOVO 10.1 pulgadas Wifi 64 GB 4 GB RAM Gris Hierro
Capacidad de almacenamiento 64 GB
Referencia M10 HD 2° Generación
Altavoz Si
Memoria expandible Si
-
35
%
$999.000
$ 649.350
Vendido por: exito
Agregar
Producto seleccionado: LENOVO
Computador LENOVO IdeaPad 1 Intel Core i5 1235U RAM 8 GB 256 GB SSD IdeaPad 1
Referencia IdeaPad 1
Puerto HDMI Si
Sistema Operativo Windows
Generación del procesador 12 th
-
37
%
$2.999.000
$ 1.889.370
Vendido por: exito
Agregar
]]></system-out>
    <system-err><![CDATA[SLF4J: No SLF4J providers were found.
SLF4J: Defaulting to no-operation (NOP) logger implementation
SLF4J: See https://www.slf4j.org/codes.html#noProviders for further details.
Starting ChromeDriver 120.0.6099.109 (3419140ab665596f21b385ce136419fde0924272-refs/branch-heads/6099@{#1483}) on port 46534
Only local connections are allowed.
Please see https://chromedriver.chromium.org/security-considerations for suggestions on keeping ChromeDriver safe.
ChromeDriver was started successfully.
ene. 14, 2024 12:05:22 A. M. org.openqa.selenium.remote.ProtocolHandshake createSession
INFO: Detected dialect: W3C
]]></system-err>
  </testcase>
</testsuite>